{"/Users/leonardoamato/code/GitHub/movies/__mock__/ImageMock.js": {"path":"/Users/leonardoamato/code/GitHub/movies/__mock__/ImageMock.js","statementMap":{},"fnMap":{},"branchMap":{},"s":{},"f":{},"b":{},"_coverageSchema":"1a1c01bbd47fc00a2c39e90264f33305004495a9","hash":"7386b4875ab23f5d673f92316b055161dae055d3"}
,"/Users/leonardoamato/code/GitHub/movies/src/App.tsx": {"path":"/Users/leonardoamato/code/GitHub/movies/src/App.tsx","statementMap":{"0":{"start":{"line":10,"column":12},"end":{"line":20,"column":1}},"1":{"start":{"line":11,"column":2},"end":{"line":19,"column":4}}},"fnMap":{"0":{"name":"(anonymous_0)","decl":{"start":{"line":10,"column":12},"end":{"line":10,"column":13}},"loc":{"start":{"line":10,"column":18},"end":{"line":20,"column":1}},"line":10}},"branchMap":{},"s":{"0":1,"1":1},"f":{"0":1},"b":{},"_coverageSchema":"1a1c01bbd47fc00a2c39e90264f33305004495a9","hash":"f43b96864db7f73bc4fa5b24d083fd4b77f5df3c"}
,"/Users/leonardoamato/code/GitHub/movies/src/Components/CastItem.tsx": {"path":"/Users/leonardoamato/code/GitHub/movies/src/Components/CastItem.tsx","statementMap":{"0":{"start":{"line":6,"column":24},"end":{"line":24,"column":1}},"1":{"start":{"line":7,"column":14},"end":{"line":7,"column":68}},"2":{"start":{"line":9,"column":2},"end":{"line":23,"column":4}},"3":{"start":{"line":26,"column":15},"end":{"line":48,"column":2}}},"fnMap":{"0":{"name":"(anonymous_0)","decl":{"start":{"line":6,"column":24},"end":{"line":6,"column":25}},"loc":{"start":{"line":6,"column":39},"end":{"line":24,"column":1}},"line":6}},"branchMap":{"0":{"loc":{"start":{"line":11,"column":7},"end":{"line":16,"column":7}},"type":"binary-expr","locations":[{"start":{"line":11,"column":7},"end":{"line":11,"column":25}},{"start":{"line":12,"column":8},"end":{"line":15,"column":10}}],"line":11}},"s":{"0":2,"1":0,"2":0,"3":2},"f":{"0":0},"b":{"0":[0,0]},"_coverageSchema":"1a1c01bbd47fc00a2c39e90264f33305004495a9","hash":"9f1939956728da72613968a0c84b693d2f52abbf"}
,"/Users/leonardoamato/code/GitHub/movies/src/Components/MovieDetails.tsx": {"path":"/Users/leonardoamato/code/GitHub/movies/src/Components/MovieDetails.tsx","statementMap":{"0":{"start":{"line":9,"column":19},"end":{"line":17,"column":1}},"1":{"start":{"line":11,"column":4},"end":{"line":16,"column":1}},"2":{"start":{"line":19,"column":28},"end":{"line":51,"column":1}},"3":{"start":{"line":24,"column":2},"end":{"line":50,"column":4}},"4":{"start":{"line":42,"column":41},"end":{"line":42,"column":67}},"5":{"start":{"line":43,"column":36},"end":{"line":43,"column":61}}},"fnMap":{"0":{"name":"(anonymous_0)","decl":{"start":{"line":10,"column":4},"end":{"line":10,"column":5}},"loc":{"start":{"line":11,"column":4},"end":{"line":16,"column":1}},"line":11},"1":{"name":"(anonymous_1)","decl":{"start":{"line":19,"column":28},"end":{"line":19,"column":29}},"loc":{"start":{"line":23,"column":33},"end":{"line":51,"column":1}},"line":23},"2":{"name":"(anonymous_2)","decl":{"start":{"line":42,"column":24},"end":{"line":42,"column":25}},"loc":{"start":{"line":42,"column":41},"end":{"line":42,"column":67}},"line":42},"3":{"name":"(anonymous_3)","decl":{"start":{"line":43,"column":22},"end":{"line":43,"column":23}},"loc":{"start":{"line":43,"column":36},"end":{"line":43,"column":61}},"line":43}},"branchMap":{"0":{"loc":{"start":{"line":11,"column":4},"end":{"line":16,"column":1}},"type":"binary-expr","locations":[{"start":{"line":11,"column":4},"end":{"line":11,"column":38}},{"start":{"line":12,"column":4},"end":{"line":16,"column":1}}],"line":11}},"s":{"0":2,"1":0,"2":2,"3":0,"4":0,"5":0},"f":{"0":0,"1":0,"2":0,"3":0},"b":{"0":[0,0]},"_coverageSchema":"1a1c01bbd47fc00a2c39e90264f33305004495a9","hash":"345a9758ed27381a77f5ebdd76e9bcf4af198cc5"}
,"/Users/leonardoamato/code/GitHub/movies/src/Components/MoviePoster.tsx": {"path":"/Users/leonardoamato/code/GitHub/movies/src/Components/MoviePoster.tsx","statementMap":{"0":{"start":{"line":13,"column":21},"end":{"line":20,"column":1}},"1":{"start":{"line":33,"column":27},"end":{"line":62,"column":1}},"2":{"start":{"line":38,"column":19},"end":{"line":38,"column":35}},"3":{"start":{"line":39,"column":21},"end":{"line":39,"column":64}},"4":{"start":{"line":41,"column":14},"end":{"line":41,"column":67}},"5":{"start":{"line":43,"column":2},"end":{"line":61,"column":4}},"6":{"start":{"line":47,"column":10},"end":{"line":47,"column":70}},"7":{"start":{"line":56,"column":31},"end":{"line":56,"column":66}},"8":{"start":{"line":64,"column":15},"end":{"line":82,"column":2}}},"fnMap":{"0":{"name":"(anonymous_0)","decl":{"start":{"line":33,"column":27},"end":{"line":33,"column":28}},"loc":{"start":{"line":37,"column":13},"end":{"line":62,"column":1}},"line":37},"1":{"name":"(anonymous_1)","decl":{"start":{"line":46,"column":17},"end":{"line":46,"column":18}},"loc":{"start":{"line":47,"column":10},"end":{"line":47,"column":70}},"line":47},"2":{"name":"(anonymous_2)","decl":{"start":{"line":56,"column":25},"end":{"line":56,"column":26}},"loc":{"start":{"line":56,"column":31},"end":{"line":56,"column":66}},"line":56}},"branchMap":{"0":{"loc":{"start":{"line":55,"column":7},"end":{"line":59,"column":7}},"type":"binary-expr","locations":[{"start":{"line":55,"column":7},"end":{"line":55,"column":22}},{"start":{"line":56,"column":8},"end":{"line":58,"column":17}}],"line":55}},"s":{"0":3,"1":3,"2":30,"3":30,"4":30,"5":30,"6":0,"7":0,"8":3},"f":{"0":30,"1":0,"2":0},"b":{"0":[30,0]},"_coverageSchema":"1a1c01bbd47fc00a2c39e90264f33305004495a9","hash":"f58926e89283e13c1e0dc87928efa94569b266a1"}
,"/Users/leonardoamato/code/GitHub/movies/src/Components/Slider.tsx": {"path":"/Users/leonardoamato/code/GitHub/movies/src/Components/Slider.tsx","statementMap":{"0":{"start":{"line":15,"column":22},"end":{"line":36,"column":1}},"1":{"start":{"line":16,"column":44},"end":{"line":22,"column":3}},"2":{"start":{"line":17,"column":4},"end":{"line":21,"column":6}},"3":{"start":{"line":24,"column":2},"end":{"line":35,"column":4}},"4":{"start":{"line":30,"column":30},"end":{"line":30,"column":48}}},"fnMap":{"0":{"name":"(anonymous_0)","decl":{"start":{"line":15,"column":22},"end":{"line":15,"column":23}},"loc":{"start":{"line":15,"column":76},"end":{"line":36,"column":1}},"line":15},"1":{"name":"(anonymous_1)","decl":{"start":{"line":16,"column":44},"end":{"line":16,"column":45}},"loc":{"start":{"line":17,"column":4},"end":{"line":21,"column":6}},"line":17},"2":{"name":"(anonymous_2)","decl":{"start":{"line":30,"column":22},"end":{"line":30,"column":23}},"loc":{"start":{"line":30,"column":30},"end":{"line":30,"column":48}},"line":30}},"branchMap":{},"s":{"0":3,"1":3,"2":30,"3":3,"4":36},"f":{"0":3,"1":30,"2":36},"b":{},"_coverageSchema":"1a1c01bbd47fc00a2c39e90264f33305004495a9","hash":"8b71b1cb7a5bd933bea3ebd95c29b8116f66473a"}
,"/Users/leonardoamato/code/GitHub/movies/src/Components/index.ts": {"path":"/Users/leonardoamato/code/GitHub/movies/src/Components/index.ts","statementMap":{},"fnMap":{},"branchMap":{},"s":{},"f":{},"b":{},"_coverageSchema":"1a1c01bbd47fc00a2c39e90264f33305004495a9","hash":"61032808bcd32a7e7daebae15918583d7f07fa91"}
,"/Users/leonardoamato/code/GitHub/movies/src/Components/styled/Button.ts": {"path":"/Users/leonardoamato/code/GitHub/movies/src/Components/styled/Button.ts","statementMap":{"0":{"start":{"line":3,"column":22},"end":{"line":10,"column":1}}},"fnMap":{},"branchMap":{},"s":{"0":3},"f":{},"b":{},"_coverageSchema":"1a1c01bbd47fc00a2c39e90264f33305004495a9","hash":"befcbc5644247075a91786e7b04d6a37517fb99f"}
,"/Users/leonardoamato/code/GitHub/movies/src/Components/styled/Container.ts": {"path":"/Users/leonardoamato/code/GitHub/movies/src/Components/styled/Container.ts","statementMap":{"0":{"start":{"line":8,"column":25},"end":{"line":16,"column":1}},"1":{"start":{"line":10,"column":4},"end":{"line":15,"column":3}}},"fnMap":{"0":{"name":"(anonymous_0)","decl":{"start":{"line":9,"column":4},"end":{"line":9,"column":5}},"loc":{"start":{"line":10,"column":4},"end":{"line":15,"column":3}},"line":10}},"branchMap":{"0":{"loc":{"start":{"line":10,"column":4},"end":{"line":15,"column":3}},"type":"binary-expr","locations":[{"start":{"line":10,"column":4},"end":{"line":10,"column":18}},{"start":{"line":11,"column":4},"end":{"line":15,"column":3}}],"line":10}},"s":{"0":3,"1":4},"f":{"0":4},"b":{"0":[4,3]},"_coverageSchema":"1a1c01bbd47fc00a2c39e90264f33305004495a9","hash":"ffe65bb1378cdf2c101c7e469d7a522a5c0d746b"}
,"/Users/leonardoamato/code/GitHub/movies/src/Components/styled/Parragraph.ts": {"path":"/Users/leonardoamato/code/GitHub/movies/src/Components/styled/Parragraph.ts","statementMap":{"0":{"start":{"line":9,"column":26},"end":{"line":14,"column":1}},"1":{"start":{"line":10,"column":18},"end":{"line":10,"column":59}},"2":{"start":{"line":11,"column":22},"end":{"line":11,"column":63}}},"fnMap":{"0":{"name":"(anonymous_0)","decl":{"start":{"line":10,"column":9},"end":{"line":10,"column":10}},"loc":{"start":{"line":10,"column":18},"end":{"line":10,"column":59}},"line":10},"1":{"name":"(anonymous_1)","decl":{"start":{"line":11,"column":13},"end":{"line":11,"column":14}},"loc":{"start":{"line":11,"column":22},"end":{"line":11,"column":63}},"line":11}},"branchMap":{"0":{"loc":{"start":{"line":10,"column":18},"end":{"line":10,"column":59}},"type":"binary-expr","locations":[{"start":{"line":10,"column":18},"end":{"line":10,"column":29}},{"start":{"line":10,"column":33},"end":{"line":10,"column":59}}],"line":10},"1":{"loc":{"start":{"line":11,"column":22},"end":{"line":11,"column":63}},"type":"binary-expr","locations":[{"start":{"line":11,"column":22},"end":{"line":11,"column":32}},{"start":{"line":11,"column":36},"end":{"line":11,"column":63}}],"line":11}},"s":{"0":3,"1":0,"2":0},"f":{"0":0,"1":0},"b":{"0":[0,0],"1":[0,0]},"_coverageSchema":"1a1c01bbd47fc00a2c39e90264f33305004495a9","hash":"233e163bd623734629c948bb6b849f5c76db281e"}
,"/Users/leonardoamato/code/GitHub/movies/src/Components/styled/Title.ts": {"path":"/Users/leonardoamato/code/GitHub/movies/src/Components/styled/Title.ts","statementMap":{"0":{"start":{"line":10,"column":21},"end":{"line":15,"column":1}},"1":{"start":{"line":11,"column":18},"end":{"line":11,"column":60}},"2":{"start":{"line":12,"column":22},"end":{"line":12,"column":63}},"3":{"start":{"line":14,"column":24},"end":{"line":14,"column":53}}},"fnMap":{"0":{"name":"(anonymous_0)","decl":{"start":{"line":11,"column":9},"end":{"line":11,"column":10}},"loc":{"start":{"line":11,"column":18},"end":{"line":11,"column":60}},"line":11},"1":{"name":"(anonymous_1)","decl":{"start":{"line":12,"column":13},"end":{"line":12,"column":14}},"loc":{"start":{"line":12,"column":22},"end":{"line":12,"column":63}},"line":12},"2":{"name":"(anonymous_2)","decl":{"start":{"line":14,"column":2},"end":{"line":14,"column":3}},"loc":{"start":{"line":14,"column":24},"end":{"line":14,"column":53}},"line":14}},"branchMap":{"0":{"loc":{"start":{"line":11,"column":18},"end":{"line":11,"column":60}},"type":"binary-expr","locations":[{"start":{"line":11,"column":18},"end":{"line":11,"column":29}},{"start":{"line":11,"column":33},"end":{"line":11,"column":60}}],"line":11},"1":{"loc":{"start":{"line":12,"column":22},"end":{"line":12,"column":63}},"type":"binary-expr","locations":[{"start":{"line":12,"column":22},"end":{"line":12,"column":32}},{"start":{"line":12,"column":36},"end":{"line":12,"column":63}}],"line":12},"2":{"loc":{"start":{"line":14,"column":24},"end":{"line":14,"column":53}},"type":"binary-expr","locations":[{"start":{"line":14,"column":24},"end":{"line":14,"column":36}},{"start":{"line":14,"column":40},"end":{"line":14,"column":53}}],"line":14}},"s":{"0":3,"1":8,"2":8,"3":8},"f":{"0":8,"1":8,"2":8},"b":{"0":[8,8],"1":[8,8],"2":[8,0]},"_coverageSchema":"1a1c01bbd47fc00a2c39e90264f33305004495a9","hash":"49b93522e11187beddb368b05794e7356fe9abf5"}
,"/Users/leonardoamato/code/GitHub/movies/src/Components/styled/index.ts": {"path":"/Users/leonardoamato/code/GitHub/movies/src/Components/styled/index.ts","statementMap":{},"fnMap":{},"branchMap":{},"s":{},"f":{},"b":{},"_coverageSchema":"1a1c01bbd47fc00a2c39e90264f33305004495a9","hash":"e2dd8f6e261dbbacec17d363bc4013fadebebd04"}
,"/Users/leonardoamato/code/GitHub/movies/src/Containers/DetailScreen/DetailScreen.tsx": {"path":"/Users/leonardoamato/code/GitHub/movies/src/Containers/DetailScreen/DetailScreen.tsx","statementMap":{"0":{"start":{"line":26,"column":21},"end":{"line":116,"column":1}},"1":{"start":{"line":27,"column":19},"end":{"line":27,"column":35}},"2":{"start":{"line":28,"column":48},"end":{"line":28,"column":78}},"3":{"start":{"line":28,"column":72},"end":{"line":28,"column":77}},"4":{"start":{"line":30,"column":34},"end":{"line":30,"column":46}},"5":{"start":{"line":31,"column":17},"end":{"line":31,"column":22}},"6":{"start":{"line":32,"column":30},"end":{"line":32,"column":48}},"7":{"start":{"line":33,"column":23},"end":{"line":33,"column":61}},"8":{"start":{"line":33,"column":43},"end":{"line":33,"column":60}},"9":{"start":{"line":34,"column":14},"end":{"line":34,"column":67}},"10":{"start":{"line":36,"column":2},"end":{"line":38,"column":9}},"11":{"start":{"line":37,"column":4},"end":{"line":37,"column":33}},"12":{"start":{"line":40,"column":30},"end":{"line":44,"column":3}},"13":{"start":{"line":41,"column":4},"end":{"line":43,"column":39}},"14":{"start":{"line":46,"column":2},"end":{"line":115,"column":4}},"15":{"start":{"line":77,"column":44},"end":{"line":77,"column":50}},"16":{"start":{"line":84,"column":29},"end":{"line":84,"column":55}}},"fnMap":{"0":{"name":"(anonymous_0)","decl":{"start":{"line":26,"column":21},"end":{"line":26,"column":22}},"loc":{"start":{"line":26,"column":43},"end":{"line":116,"column":1}},"line":26},"1":{"name":"(anonymous_1)","decl":{"start":{"line":28,"column":63},"end":{"line":28,"column":64}},"loc":{"start":{"line":28,"column":72},"end":{"line":28,"column":77}},"line":28},"2":{"name":"(anonymous_2)","decl":{"start":{"line":33,"column":38},"end":{"line":33,"column":39}},"loc":{"start":{"line":33,"column":43},"end":{"line":33,"column":60}},"line":33},"3":{"name":"(anonymous_3)","decl":{"start":{"line":36,"column":12},"end":{"line":36,"column":13}},"loc":{"start":{"line":36,"column":18},"end":{"line":38,"column":3}},"line":36},"4":{"name":"(anonymous_4)","decl":{"start":{"line":40,"column":30},"end":{"line":40,"column":31}},"loc":{"start":{"line":40,"column":39},"end":{"line":44,"column":3}},"line":40},"5":{"name":"(anonymous_5)","decl":{"start":{"line":77,"column":39},"end":{"line":77,"column":40}},"loc":{"start":{"line":77,"column":44},"end":{"line":77,"column":50}},"line":77},"6":{"name":"(anonymous_6)","decl":{"start":{"line":84,"column":23},"end":{"line":84,"column":24}},"loc":{"start":{"line":84,"column":29},"end":{"line":84,"column":55}},"line":84}},"branchMap":{"0":{"loc":{"start":{"line":32,"column":30},"end":{"line":32,"column":48}},"type":"binary-expr","locations":[{"start":{"line":32,"column":30},"end":{"line":32,"column":42}},{"start":{"line":32,"column":46},"end":{"line":32,"column":48}}],"line":32},"1":{"loc":{"start":{"line":41,"column":4},"end":{"line":43,"column":38}},"type":"cond-expr","locations":[{"start":{"line":42,"column":8},"end":{"line":42,"column":43}},{"start":{"line":43,"column":8},"end":{"line":43,"column":38}}],"line":41},"2":{"loc":{"start":{"line":60,"column":15},"end":{"line":65,"column":15}},"type":"binary-expr","locations":[{"start":{"line":60,"column":15},"end":{"line":60,"column":43}},{"start":{"line":61,"column":16},"end":{"line":64,"column":18}}],"line":60},"3":{"loc":{"start":{"line":90,"column":17},"end":{"line":90,"column":60}},"type":"cond-expr","locations":[{"start":{"line":90,"column":32},"end":{"line":90,"column":40}},{"start":{"line":90,"column":43},"end":{"line":90,"column":60}}],"line":90},"4":{"loc":{"start":{"line":97,"column":9},"end":{"line":112,"column":9}},"type":"cond-expr","locations":[{"start":{"line":98,"column":10},"end":{"line":105,"column":22}},{"start":{"line":107,"column":10},"end":{"line":111,"column":12}}],"line":97},"5":{"loc":{"start":{"line":97,"column":9},"end":{"line":97,"column":34}},"type":"binary-expr","locations":[{"start":{"line":97,"column":9},"end":{"line":97,"column":18}},{"start":{"line":97,"column":22},"end":{"line":97,"column":34}}],"line":97}},"s":{"0":1,"1":0,"2":0,"3":0,"4":0,"5":0,"6":0,"7":0,"8":0,"9":0,"10":0,"11":0,"12":0,"13":0,"14":0,"15":0,"16":0},"f":{"0":0,"1":0,"2":0,"3":0,"4":0,"5":0,"6":0},"b":{"0":[0,0],"1":[0,0],"2":[0,0],"3":[0,0],"4":[0,0],"5":[0,0]},"_coverageSchema":"1a1c01bbd47fc00a2c39e90264f33305004495a9","hash":"52be04b6aabbd738a3a9b64d871272ec6cc29051"}
,"/Users/leonardoamato/code/GitHub/movies/src/Containers/DetailScreen/DetailScreenStyles.ts": {"path":"/Users/leonardoamato/code/GitHub/movies/src/Containers/DetailScreen/DetailScreenStyles.ts","statementMap":{"0":{"start":{"line":6,"column":25},"end":{"line":6,"column":54}},"1":{"start":{"line":8,"column":31},"end":{"line":13,"column":1}},"2":{"start":{"line":15,"column":28},"end":{"line":19,"column":1}},"3":{"start":{"line":17,"column":4},"end":{"line":17,"column":63}},"4":{"start":{"line":18,"column":26},"end":{"line":18,"column":67}},"5":{"start":{"line":21,"column":32},"end":{"line":24,"column":1}},"6":{"start":{"line":22,"column":26},"end":{"line":22,"column":72}},"7":{"start":{"line":23,"column":26},"end":{"line":23,"column":67}},"8":{"start":{"line":26,"column":22},"end":{"line":72,"column":2}}},"fnMap":{"0":{"name":"(anonymous_0)","decl":{"start":{"line":16,"column":4},"end":{"line":16,"column":5}},"loc":{"start":{"line":17,"column":4},"end":{"line":17,"column":63}},"line":17},"1":{"name":"(anonymous_1)","decl":{"start":{"line":18,"column":4},"end":{"line":18,"column":5}},"loc":{"start":{"line":18,"column":26},"end":{"line":18,"column":67}},"line":18},"2":{"name":"(anonymous_2)","decl":{"start":{"line":22,"column":4},"end":{"line":22,"column":5}},"loc":{"start":{"line":22,"column":26},"end":{"line":22,"column":72}},"line":22},"3":{"name":"(anonymous_3)","decl":{"start":{"line":23,"column":4},"end":{"line":23,"column":5}},"loc":{"start":{"line":23,"column":26},"end":{"line":23,"column":67}},"line":23}},"branchMap":{"0":{"loc":{"start":{"line":17,"column":4},"end":{"line":17,"column":63}},"type":"binary-expr","locations":[{"start":{"line":17,"column":4},"end":{"line":17,"column":32}},{"start":{"line":17,"column":36},"end":{"line":17,"column":63}}],"line":17},"1":{"loc":{"start":{"line":18,"column":26},"end":{"line":18,"column":67}},"type":"binary-expr","locations":[{"start":{"line":18,"column":26},"end":{"line":18,"column":38}},{"start":{"line":18,"column":42},"end":{"line":18,"column":67}}],"line":18},"2":{"loc":{"start":{"line":22,"column":26},"end":{"line":22,"column":72}},"type":"binary-expr","locations":[{"start":{"line":22,"column":26},"end":{"line":22,"column":54}},{"start":{"line":22,"column":58},"end":{"line":22,"column":72}}],"line":22},"3":{"loc":{"start":{"line":23,"column":26},"end":{"line":23,"column":67}},"type":"binary-expr","locations":[{"start":{"line":23,"column":26},"end":{"line":23,"column":38}},{"start":{"line":23,"column":42},"end":{"line":23,"column":67}}],"line":23}},"s":{"0":1,"1":1,"2":1,"3":0,"4":0,"5":1,"6":0,"7":0,"8":1},"f":{"0":0,"1":0,"2":0,"3":0},"b":{"0":[0,0],"1":[0,0],"2":[0,0],"3":[0,0]},"_coverageSchema":"1a1c01bbd47fc00a2c39e90264f33305004495a9","hash":"207ddefd01cecf031ca5ca62ccfb74beadc4ecc1"}
,"/Users/leonardoamato/code/GitHub/movies/src/Containers/HomeScreen/HomeScreen.tsx": {"path":"/Users/leonardoamato/code/GitHub/movies/src/Containers/HomeScreen/HomeScreen.tsx","statementMap":{"0":{"start":{"line":12,"column":24},"end":{"line":15,"column":1}},"1":{"start":{"line":17,"column":19},"end":{"line":72,"column":1}},"2":{"start":{"line":18,"column":16},"end":{"line":18,"column":26}},"3":{"start":{"line":19,"column":19},"end":{"line":19,"column":35}},"4":{"start":{"line":21,"column":19},"end":{"line":21,"column":34}},"5":{"start":{"line":22,"column":32},"end":{"line":22,"column":62}},"6":{"start":{"line":22,"column":56},"end":{"line":22,"column":61}},"7":{"start":{"line":24,"column":2},"end":{"line":26,"column":9}},"8":{"start":{"line":25,"column":4},"end":{"line":25,"column":26}},"9":{"start":{"line":28,"column":2},"end":{"line":39,"column":3}},"10":{"start":{"line":29,"column":4},"end":{"line":38,"column":6}},"11":{"start":{"line":41,"column":2},"end":{"line":71,"column":4}},"12":{"start":{"line":66,"column":25},"end":{"line":66,"column":64}}},"fnMap":{"0":{"name":"(anonymous_0)","decl":{"start":{"line":17,"column":19},"end":{"line":17,"column":20}},"loc":{"start":{"line":17,"column":39},"end":{"line":72,"column":1}},"line":17},"1":{"name":"(anonymous_1)","decl":{"start":{"line":22,"column":47},"end":{"line":22,"column":48}},"loc":{"start":{"line":22,"column":56},"end":{"line":22,"column":61}},"line":22},"2":{"name":"(anonymous_2)","decl":{"start":{"line":24,"column":12},"end":{"line":24,"column":13}},"loc":{"start":{"line":24,"column":18},"end":{"line":26,"column":3}},"line":24},"3":{"name":"(anonymous_3)","decl":{"start":{"line":66,"column":19},"end":{"line":66,"column":20}},"loc":{"start":{"line":66,"column":25},"end":{"line":66,"column":64}},"line":66}},"branchMap":{"0":{"loc":{"start":{"line":28,"column":2},"end":{"line":39,"column":3}},"type":"if","locations":[{"start":{"line":28,"column":2},"end":{"line":39,"column":3}},{"start":{},"end":{}}],"line":28},"1":{"loc":{"start":{"line":44,"column":9},"end":{"line":63,"column":9}},"type":"binary-expr","locations":[{"start":{"line":44,"column":9},"end":{"line":44,"column":15}},{"start":{"line":45,"column":10},"end":{"line":62,"column":22}}],"line":44}},"s":{"0":2,"1":2,"2":3,"3":3,"4":3,"5":3,"6":5,"7":3,"8":1,"9":3,"10":1,"11":2,"12":1},"f":{"0":3,"1":5,"2":1,"3":1},"b":{"0":[1,2],"1":[2,1]},"_coverageSchema":"1a1c01bbd47fc00a2c39e90264f33305004495a9","hash":"f540845f93bd36edde8ee58fa1b53fd2afd856e5"}
,"/Users/leonardoamato/code/GitHub/movies/src/Containers/WhishListScreen/WhishListScreen.tsx": {"path":"/Users/leonardoamato/code/GitHub/movies/src/Containers/WhishListScreen/WhishListScreen.tsx","statementMap":{"0":{"start":{"line":10,"column":24},"end":{"line":49,"column":1}},"1":{"start":{"line":11,"column":19},"end":{"line":11,"column":35}},"2":{"start":{"line":12,"column":34},"end":{"line":12,"column":64}},"3":{"start":{"line":12,"column":58},"end":{"line":12,"column":63}},"4":{"start":{"line":14,"column":2},"end":{"line":16,"column":9}},"5":{"start":{"line":15,"column":4},"end":{"line":15,"column":26}},"6":{"start":{"line":18,"column":2},"end":{"line":24,"column":3}},"7":{"start":{"line":19,"column":4},"end":{"line":23,"column":6}},"8":{"start":{"line":26,"column":2},"end":{"line":48,"column":4}}},"fnMap":{"0":{"name":"(anonymous_0)","decl":{"start":{"line":10,"column":24},"end":{"line":10,"column":25}},"loc":{"start":{"line":10,"column":30},"end":{"line":49,"column":1}},"line":10},"1":{"name":"(anonymous_1)","decl":{"start":{"line":12,"column":49},"end":{"line":12,"column":50}},"loc":{"start":{"line":12,"column":58},"end":{"line":12,"column":63}},"line":12},"2":{"name":"(anonymous_2)","decl":{"start":{"line":14,"column":12},"end":{"line":14,"column":13}},"loc":{"start":{"line":14,"column":18},"end":{"line":16,"column":3}},"line":14}},"branchMap":{"0":{"loc":{"start":{"line":18,"column":2},"end":{"line":24,"column":3}},"type":"if","locations":[{"start":{"line":18,"column":2},"end":{"line":24,"column":3}},{"start":{},"end":{}}],"line":18},"1":{"loc":{"start":{"line":18,"column":6},"end":{"line":18,"column":49}},"type":"binary-expr","locations":[{"start":{"line":18,"column":6},"end":{"line":18,"column":23}},{"start":{"line":18,"column":27},"end":{"line":18,"column":49}}],"line":18},"2":{"loc":{"start":{"line":29,"column":9},"end":{"line":45,"column":9}},"type":"cond-expr","locations":[{"start":{"line":30,"column":10},"end":{"line":37,"column":22}},{"start":{"line":39,"column":10},"end":{"line":44,"column":12}}],"line":29}},"s":{"0":2,"1":2,"2":2,"3":3,"4":2,"5":1,"6":2,"7":2,"8":0},"f":{"0":2,"1":3,"2":1},"b":{"0":[2,0],"1":[2,0],"2":[0,0]},"_coverageSchema":"1a1c01bbd47fc00a2c39e90264f33305004495a9","hash":"89971d54ddf605e3caca60aa8ffbf19916442d48"}
,"/Users/leonardoamato/code/GitHub/movies/src/Navigators/RootNavigator.tsx": {"path":"/Users/leonardoamato/code/GitHub/movies/src/Navigators/RootNavigator.tsx","statementMap":{"0":{"start":{"line":16,"column":14},"end":{"line":16,"column":59}},"1":{"start":{"line":17,"column":22},"end":{"line":28,"column":1}},"2":{"start":{"line":30,"column":22},"end":{"line":52,"column":1}},"3":{"start":{"line":31,"column":2},"end":{"line":51,"column":4}},"4":{"start":{"line":41,"column":35},"end":{"line":41,"column":71}}},"fnMap":{"0":{"name":"(anonymous_0)","decl":{"start":{"line":30,"column":22},"end":{"line":30,"column":23}},"loc":{"start":{"line":30,"column":28},"end":{"line":52,"column":1}},"line":30},"1":{"name":"(anonymous_1)","decl":{"start":{"line":41,"column":19},"end":{"line":41,"column":20}},"loc":{"start":{"line":41,"column":35},"end":{"line":41,"column":71}},"line":41}},"branchMap":{},"s":{"0":1,"1":1,"2":1,"3":0,"4":0},"f":{"0":0,"1":0},"b":{},"_coverageSchema":"1a1c01bbd47fc00a2c39e90264f33305004495a9","hash":"0fdae1fcbb5b337fde8727a7ae193bcc4eafe4e3"}
,"/Users/leonardoamato/code/GitHub/movies/src/Services/api.ts": {"path":"/Users/leonardoamato/code/GitHub/movies/src/Services/api.ts","statementMap":{"0":{"start":{"line":3,"column":16},"end":{"line":9,"column":2}}},"fnMap":{},"branchMap":{},"s":{"0":3},"f":{},"b":{},"_coverageSchema":"1a1c01bbd47fc00a2c39e90264f33305004495a9","hash":"da436869223918fe59cf615f64fcf33ed1d6222a"}
,"/Users/leonardoamato/code/GitHub/movies/src/Store/index.ts": {"path":"/Users/leonardoamato/code/GitHub/movies/src/Store/index.ts","statementMap":{"0":{"start":{"line":6,"column":23},"end":{"line":6,"column":45}},"1":{"start":{"line":8,"column":21},"end":{"line":12,"column":1}},"2":{"start":{"line":17,"column":0},"end":{"line":17,"column":29}}},"fnMap":{},"branchMap":{},"s":{"0":3,"1":3,"2":3},"f":{},"b":{},"_coverageSchema":"1a1c01bbd47fc00a2c39e90264f33305004495a9","hash":"e042c29c61be61afc9b264daf2ba4fdbe6abf481"}
,"/Users/leonardoamato/code/GitHub/movies/src/Store/Actions/actionTypes.ts": {"path":"/Users/leonardoamato/code/GitHub/movies/src/Store/Actions/actionTypes.ts","statementMap":{"0":{"start":{"line":1,"column":26},"end":{"line":1,"column":38}},"1":{"start":{"line":2,"column":34},"end":{"line":2,"column":54}},"2":{"start":{"line":3,"column":34},"end":{"line":3,"column":54}},"3":{"start":{"line":5,"column":32},"end":{"line":5,"column":50}},"4":{"start":{"line":6,"column":40},"end":{"line":6,"column":66}},"5":{"start":{"line":7,"column":40},"end":{"line":7,"column":66}},"6":{"start":{"line":9,"column":37},"end":{"line":9,"column":60}},"7":{"start":{"line":10,"column":36},"end":{"line":10,"column":58}}},"fnMap":{},"branchMap":{},"s":{"0":3,"1":3,"2":3,"3":3,"4":3,"5":3,"6":3,"7":3},"f":{},"b":{},"_coverageSchema":"1a1c01bbd47fc00a2c39e90264f33305004495a9","hash":"58e26fc2d165bbf96014448851d0f509284033dc"}
,"/Users/leonardoamato/code/GitHub/movies/src/Store/Actions/moviesActions.ts": {"path":"/Users/leonardoamato/code/GitHub/movies/src/Store/Actions/moviesActions.ts","statementMap":{"0":{"start":{"line":4,"column":2},"end":{"line":6,"column":4}},"1":{"start":{"line":10,"column":2},"end":{"line":13,"column":4}},"2":{"start":{"line":17,"column":2},"end":{"line":20,"column":4}},"3":{"start":{"line":24,"column":2},"end":{"line":27,"column":4}}},"fnMap":{"0":{"name":"getMovies","decl":{"start":{"line":3,"column":16},"end":{"line":3,"column":25}},"loc":{"start":{"line":3,"column":28},"end":{"line":7,"column":1}},"line":3},"1":{"name":"getMovieDetail","decl":{"start":{"line":9,"column":16},"end":{"line":9,"column":30}},"loc":{"start":{"line":9,"column":35},"end":{"line":14,"column":1}},"line":9},"2":{"name":"addToWishlist","decl":{"start":{"line":16,"column":16},"end":{"line":16,"column":29}},"loc":{"start":{"line":16,"column":37},"end":{"line":21,"column":1}},"line":16},"3":{"name":"removeFromWishlist","decl":{"start":{"line":23,"column":16},"end":{"line":23,"column":34}},"loc":{"start":{"line":23,"column":42},"end":{"line":28,"column":1}},"line":23}},"branchMap":{},"s":{"0":2,"1":0,"2":0,"3":0},"f":{"0":2,"1":0,"2":0,"3":0},"b":{},"_coverageSchema":"1a1c01bbd47fc00a2c39e90264f33305004495a9","hash":"4acb7de8b9cfd028e80c4019592444f237f4ab91"}
,"/Users/leonardoamato/code/GitHub/movies/src/Store/Reducers/moviesReducer.ts": {"path":"/Users/leonardoamato/code/GitHub/movies/src/Store/Reducers/moviesReducer.ts","statementMap":{"0":{"start":{"line":13,"column":36},"end":{"line":19,"column":1}},"1":{"start":{"line":22,"column":2},"end":{"line":82,"column":3}},"2":{"start":{"line":24,"column":6},"end":{"line":27,"column":8}},"3":{"start":{"line":29,"column":6},"end":{"line":34,"column":8}},"4":{"start":{"line":36,"column":6},"end":{"line":40,"column":8}},"5":{"start":{"line":42,"column":6},"end":{"line":45,"column":8}},"6":{"start":{"line":47,"column":6},"end":{"line":52,"column":8}},"7":{"start":{"line":54,"column":6},"end":{"line":59,"column":8}},"8":{"start":{"line":61,"column":28},"end":{"line":61,"column":64}},"9":{"start":{"line":62,"column":20},"end":{"line":62,"column":59}},"10":{"start":{"line":64,"column":6},"end":{"line":64,"column":41}},"11":{"start":{"line":66,"column":6},"end":{"line":69,"column":8}},"12":{"start":{"line":72,"column":21},"end":{"line":72,"column":35}},"13":{"start":{"line":73,"column":28},"end":{"line":73,"column":67}},"14":{"start":{"line":73,"column":55},"end":{"line":73,"column":66}},"15":{"start":{"line":75,"column":6},"end":{"line":78,"column":8}},"16":{"start":{"line":81,"column":6},"end":{"line":81,"column":19}}},"fnMap":{"0":{"name":"moviesReducer","decl":{"start":{"line":21,"column":9},"end":{"line":21,"column":22}},"loc":{"start":{"line":21,"column":53},"end":{"line":83,"column":1}},"line":21},"1":{"name":"(anonymous_1)","decl":{"start":{"line":73,"column":50},"end":{"line":73,"column":51}},"loc":{"start":{"line":73,"column":55},"end":{"line":73,"column":66}},"line":73}},"branchMap":{"0":{"loc":{"start":{"line":21,"column":23},"end":{"line":21,"column":43}},"type":"default-arg","locations":[{"start":{"line":21,"column":31},"end":{"line":21,"column":43}}],"line":21},"1":{"loc":{"start":{"line":22,"column":2},"end":{"line":82,"column":3}},"type":"switch","locations":[{"start":{"line":23,"column":4},"end":{"line":27,"column":8}},{"start":{"line":28,"column":4},"end":{"line":34,"column":8}},{"start":{"line":35,"column":4},"end":{"line":40,"column":8}},{"start":{"line":41,"column":4},"end":{"line":45,"column":8}},{"start":{"line":46,"column":4},"end":{"line":52,"column":8}},{"start":{"line":53,"column":4},"end":{"line":59,"column":8}},{"start":{"line":60,"column":4},"end":{"line":69,"column":8}},{"start":{"line":71,"column":4},"end":{"line":78,"column":8}},{"start":{"line":80,"column":4},"end":{"line":81,"column":19}}],"line":22},"2":{"loc":{"start":{"line":61,"column":28},"end":{"line":61,"column":64}},"type":"cond-expr","locations":[{"start":{"line":61,"column":45},"end":{"line":61,"column":59}},{"start":{"line":61,"column":62},"end":{"line":61,"column":64}}],"line":61},"3":{"loc":{"start":{"line":64,"column":6},"end":{"line":64,"column":40}},"type":"binary-expr","locations":[{"start":{"line":64,"column":6},"end":{"line":64,"column":11}},{"start":{"line":64,"column":15},"end":{"line":64,"column":40}}],"line":64}},"s":{"0":3,"1":6,"2":2,"3":1,"4":0,"5":0,"6":0,"7":0,"8":0,"9":0,"10":0,"11":0,"12":0,"13":0,"14":0,"15":0,"16":3},"f":{"0":6,"1":0},"b":{"0":[0],"1":[2,1,0,0,0,0,0,0,3],"2":[0,0],"3":[0,0]},"_coverageSchema":"1a1c01bbd47fc00a2c39e90264f33305004495a9","hash":"01000b944ac585d526d4edc04a84417742d73078"}
,"/Users/leonardoamato/code/GitHub/movies/src/Store/Sagas/index.ts": {"path":"/Users/leonardoamato/code/GitHub/movies/src/Store/Sagas/index.ts","statementMap":{"0":{"start":{"line":6,"column":2},"end":{"line":6,"column":49}}},"fnMap":{"0":{"name":"rootSaga","decl":{"start":{"line":5,"column":25},"end":{"line":5,"column":33}},"loc":{"start":{"line":5,"column":36},"end":{"line":7,"column":1}},"line":5}},"branchMap":{},"s":{"0":3},"f":{"0":3},"b":{},"_coverageSchema":"1a1c01bbd47fc00a2c39e90264f33305004495a9","hash":"102d2540a57ca022f2719e63951e4f7ff4a2f5f8"}
,"/Users/leonardoamato/code/GitHub/movies/src/Store/Sagas/movieDetailSaga.ts": {"path":"/Users/leonardoamato/code/GitHub/movies/src/Store/Sagas/movieDetailSaga.ts","statementMap":{"0":{"start":{"line":6,"column":28},"end":{"line":21,"column":1}},"1":{"start":{"line":7,"column":18},"end":{"line":7,"column":32}},"2":{"start":{"line":9,"column":30},"end":{"line":9,"column":58}},"3":{"start":{"line":10,"column":22},"end":{"line":10,"column":58}},"4":{"start":{"line":12,"column":46},"end":{"line":15,"column":4}},"5":{"start":{"line":17,"column":2},"end":{"line":20,"column":4}},"6":{"start":{"line":24,"column":2},"end":{"line":36,"column":3}},"7":{"start":{"line":25,"column":47},"end":{"line":28,"column":5}},"8":{"start":{"line":30,"column":4},"end":{"line":30,"column":70}},"9":{"start":{"line":32,"column":4},"end":{"line":35,"column":7}},"10":{"start":{"line":40,"column":2},"end":{"line":40,"column":69}}},"fnMap":{"0":{"name":"(anonymous_0)","decl":{"start":{"line":6,"column":28},"end":{"line":6,"column":29}},"loc":{"start":{"line":6,"column":44},"end":{"line":21,"column":1}},"line":6},"1":{"name":"handleGetMovieDetail","decl":{"start":{"line":23,"column":17},"end":{"line":23,"column":37}},"loc":{"start":{"line":23,"column":46},"end":{"line":37,"column":1}},"line":23},"2":{"name":"watchMovieDetail","decl":{"start":{"line":39,"column":17},"end":{"line":39,"column":33}},"loc":{"start":{"line":39,"column":36},"end":{"line":41,"column":1}},"line":39}},"branchMap":{},"s":{"0":3,"1":0,"2":0,"3":0,"4":0,"5":0,"6":0,"7":0,"8":0,"9":0,"10":3},"f":{"0":0,"1":0,"2":3},"b":{},"_coverageSchema":"1a1c01bbd47fc00a2c39e90264f33305004495a9","hash":"25a940c7796c05084b567c306deab9931b01bc8f"}
,"/Users/leonardoamato/code/GitHub/movies/src/Store/Sagas/moviesSaga.ts": {"path":"/Users/leonardoamato/code/GitHub/movies/src/Store/Sagas/moviesSaga.ts","statementMap":{"0":{"start":{"line":6,"column":23},"end":{"line":22,"column":1}},"1":{"start":{"line":7,"column":26},"end":{"line":7,"column":53}},"2":{"start":{"line":8,"column":25},"end":{"line":8,"column":50}},"3":{"start":{"line":9,"column":26},"end":{"line":9,"column":52}},"4":{"start":{"line":11,"column":16},"end":{"line":15,"column":4}},"5":{"start":{"line":17,"column":2},"end":{"line":21,"column":4}},"6":{"start":{"line":25,"column":2},"end":{"line":35,"column":3}},"7":{"start":{"line":26,"column":40},"end":{"line":26,"column":66}},"8":{"start":{"line":28,"column":4},"end":{"line":28,"column":64}},"9":{"start":{"line":30,"column":4},"end":{"line":30,"column":24}},"10":{"start":{"line":31,"column":4},"end":{"line":34,"column":7}},"11":{"start":{"line":39,"column":2},"end":{"line":39,"column":58}}},"fnMap":{"0":{"name":"(anonymous_0)","decl":{"start":{"line":6,"column":23},"end":{"line":6,"column":24}},"loc":{"start":{"line":6,"column":35},"end":{"line":22,"column":1}},"line":6},"1":{"name":"handleGetMovies","decl":{"start":{"line":24,"column":17},"end":{"line":24,"column":32}},"loc":{"start":{"line":24,"column":41},"end":{"line":36,"column":1}},"line":24},"2":{"name":"watchMovies","decl":{"start":{"line":38,"column":17},"end":{"line":38,"column":28}},"loc":{"start":{"line":38,"column":31},"end":{"line":40,"column":1}},"line":38}},"branchMap":{},"s":{"0":3,"1":2,"2":2,"3":2,"4":2,"5":1,"6":2,"7":2,"8":1,"9":0,"10":0,"11":3},"f":{"0":2,"1":2,"2":3},"b":{},"_coverageSchema":"1a1c01bbd47fc00a2c39e90264f33305004495a9","hash":"dfd9838ed5614c3241153c802e3a33b8311fd82a"}
,"/Users/leonardoamato/code/GitHub/movies/src/Theme/theme.tsx": {"path":"/Users/leonardoamato/code/GitHub/movies/src/Theme/theme.tsx","statementMap":{"0":{"start":{"line":2,"column":26},"end":{"line":2,"column":50}},"1":{"start":{"line":31,"column":30},"end":{"line":48,"column":1}}},"fnMap":{},"branchMap":{},"s":{"0":1,"1":1},"f":{},"b":{},"_coverageSchema":"1a1c01bbd47fc00a2c39e90264f33305004495a9","hash":"91a1e18be93b49856a20ded10d2b649225d7e0db"}
,"/Users/leonardoamato/code/GitHub/movies/src/Types/Redux.ts": {"path":"/Users/leonardoamato/code/GitHub/movies/src/Types/Redux.ts","statementMap":{"0":{"start":{"line":5,"column":30},"end":{"line":5,"column":62}},"1":{"start":{"line":5,"column":36},"end":{"line":5,"column":62}},"2":{"start":{"line":6,"column":63},"end":{"line":6,"column":74}}},"fnMap":{"0":{"name":"(anonymous_0)","decl":{"start":{"line":5,"column":30},"end":{"line":5,"column":31}},"loc":{"start":{"line":5,"column":36},"end":{"line":5,"column":62}},"line":5}},"branchMap":{},"s":{"0":3,"1":35,"2":3},"f":{"0":35},"b":{},"_coverageSchema":"1a1c01bbd47fc00a2c39e90264f33305004495a9","hash":"86612657aa7810ea899ce5c523fc4641b15e8680"}
}
