TN:
SF:__mock__/ImageMock.js
FNF:0
FNH:0
LF:0
LH:0
BRF:0
BRH:0
end_of_record
TN:
SF:src/App.tsx
FN:10,(anonymous_0)
FNF:1
FNH:1
FNDA:1,(anonymous_0)
DA:10,1
DA:11,1
LF:2
LH:2
BRF:0
BRH:0
end_of_record
TN:
SF:src/Components/CastItem.tsx
FN:6,(anonymous_0)
FNF:1
FNH:0
FNDA:0,(anonymous_0)
DA:6,2
DA:7,0
DA:9,0
DA:26,2
LF:4
LH:2
BRDA:11,0,0,0
BRDA:11,0,1,0
BRF:2
BRH:0
end_of_record
TN:
SF:src/Components/MovieDetails.tsx
FN:10,(anonymous_0)
FN:19,(anonymous_1)
FN:42,(anonymous_2)
FN:43,(anonymous_3)
FNF:4
FNH:0
FNDA:0,(anonymous_0)
FNDA:0,(anonymous_1)
FNDA:0,(anonymous_2)
FNDA:0,(anonymous_3)
DA:9,2
DA:11,0
DA:19,2
DA:24,0
DA:42,0
DA:43,0
LF:6
LH:2
BRDA:11,0,0,0
BRDA:11,0,1,0
BRF:2
BRH:0
end_of_record
TN:
SF:src/Components/MoviePoster.tsx
FN:33,(anonymous_0)
FN:46,(anonymous_1)
FN:56,(anonymous_2)
FNF:3
FNH:1
FNDA:30,(anonymous_0)
FNDA:0,(anonymous_1)
FNDA:0,(anonymous_2)
DA:13,3
DA:33,3
DA:38,30
DA:39,30
DA:41,30
DA:43,30
DA:47,0
DA:56,0
DA:64,3
LF:9
LH:7
BRDA:55,0,0,30
BRDA:55,0,1,0
BRF:2
BRH:1
end_of_record
TN:
SF:src/Components/Slider.tsx
FN:15,(anonymous_0)
FN:16,(anonymous_1)
FN:30,(anonymous_2)
FNF:3
FNH:3
FNDA:3,(anonymous_0)
FNDA:30,(anonymous_1)
FNDA:36,(anonymous_2)
DA:15,3
DA:16,3
DA:17,30
DA:24,3
DA:30,36
LF:5
LH:5
BRF:0
BRH:0
end_of_record
TN:
SF:src/Components/index.ts
FNF:0
FNH:0
LF:0
LH:0
BRF:0
BRH:0
end_of_record
TN:
SF:src/Components/styled/Button.ts
FNF:0
FNH:0
DA:3,3
LF:1
LH:1
BRF:0
BRH:0
end_of_record
TN:
SF:src/Components/styled/Container.ts
FN:9,(anonymous_0)
FNF:1
FNH:1
FNDA:4,(anonymous_0)
DA:8,3
DA:10,4
LF:2
LH:2
BRDA:10,0,0,4
BRDA:10,0,1,3
BRF:2
BRH:2
end_of_record
TN:
SF:src/Components/styled/Parragraph.ts
FN:10,(anonymous_0)
FN:11,(anonymous_1)
FNF:2
FNH:0
FNDA:0,(anonymous_0)
FNDA:0,(anonymous_1)
DA:9,3
DA:10,0
DA:11,0
LF:3
LH:1
BRDA:10,0,0,0
BRDA:10,0,1,0
BRDA:11,1,0,0
BRDA:11,1,1,0
BRF:4
BRH:0
end_of_record
TN:
SF:src/Components/styled/Title.ts
FN:11,(anonymous_0)
FN:12,(anonymous_1)
FN:14,(anonymous_2)
FNF:3
FNH:3
FNDA:8,(anonymous_0)
FNDA:8,(anonymous_1)
FNDA:8,(anonymous_2)
DA:10,3
DA:11,8
DA:12,8
DA:14,8
LF:4
LH:4
BRDA:11,0,0,8
BRDA:11,0,1,8
BRDA:12,1,0,8
BRDA:12,1,1,8
BRDA:14,2,0,8
BRDA:14,2,1,0
BRF:6
BRH:5
end_of_record
TN:
SF:src/Components/styled/index.ts
FNF:0
FNH:0
LF:0
LH:0
BRF:0
BRH:0
end_of_record
TN:
SF:src/Containers/DetailScreen/DetailScreen.tsx
FN:26,(anonymous_0)
FN:28,(anonymous_1)
FN:33,(anonymous_2)
FN:36,(anonymous_3)
FN:40,(anonymous_4)
FN:77,(anonymous_5)
FN:84,(anonymous_6)
FNF:7
FNH:0
FNDA:0,(anonymous_0)
FNDA:0,(anonymous_1)
FNDA:0,(anonymous_2)
FNDA:0,(anonymous_3)
FNDA:0,(anonymous_4)
FNDA:0,(anonymous_5)
FNDA:0,(anonymous_6)
DA:26,1
DA:27,0
DA:28,0
DA:30,0
DA:31,0
DA:32,0
DA:33,0
DA:34,0
DA:36,0
DA:37,0
DA:40,0
DA:41,0
DA:46,0
DA:77,0
DA:84,0
LF:15
LH:1
BRDA:32,0,0,0
BRDA:32,0,1,0
BRDA:41,1,0,0
BRDA:41,1,1,0
BRDA:60,2,0,0
BRDA:60,2,1,0
BRDA:90,3,0,0
BRDA:90,3,1,0
BRDA:97,4,0,0
BRDA:97,4,1,0
BRDA:97,5,0,0
BRDA:97,5,1,0
BRF:12
BRH:0
end_of_record
TN:
SF:src/Containers/DetailScreen/DetailScreenStyles.ts
FN:16,(anonymous_0)
FN:18,(anonymous_1)
FN:22,(anonymous_2)
FN:23,(anonymous_3)
FNF:4
FNH:0
FNDA:0,(anonymous_0)
FNDA:0,(anonymous_1)
FNDA:0,(anonymous_2)
FNDA:0,(anonymous_3)
DA:6,1
DA:8,1
DA:15,1
DA:17,0
DA:18,0
DA:21,1
DA:22,0
DA:23,0
DA:26,1
LF:9
LH:5
BRDA:17,0,0,0
BRDA:17,0,1,0
BRDA:18,1,0,0
BRDA:18,1,1,0
BRDA:22,2,0,0
BRDA:22,2,1,0
BRDA:23,3,0,0
BRDA:23,3,1,0
BRF:8
BRH:0
end_of_record
TN:
SF:src/Containers/HomeScreen/HomeScreen.tsx
FN:17,(anonymous_0)
FN:22,(anonymous_1)
FN:24,(anonymous_2)
FN:66,(anonymous_3)
FNF:4
FNH:4
FNDA:3,(anonymous_0)
FNDA:5,(anonymous_1)
FNDA:1,(anonymous_2)
FNDA:1,(anonymous_3)
DA:12,2
DA:17,2
DA:18,3
DA:19,3
DA:21,3
DA:22,5
DA:24,3
DA:25,1
DA:28,3
DA:29,1
DA:41,2
DA:66,1
LF:12
LH:12
BRDA:28,0,0,1
BRDA:28,0,1,2
BRDA:44,1,0,2
BRDA:44,1,1,1
BRF:4
BRH:4
end_of_record
TN:
SF:src/Containers/WhishListScreen/WhishListScreen.tsx
FN:10,(anonymous_0)
FN:12,(anonymous_1)
FN:14,(anonymous_2)
FNF:3
FNH:3
FNDA:2,(anonymous_0)
FNDA:3,(anonymous_1)
FNDA:1,(anonymous_2)
DA:10,2
DA:11,2
DA:12,3
DA:14,2
DA:15,1
DA:18,2
DA:19,2
DA:26,0
LF:8
LH:7
BRDA:18,0,0,2
BRDA:18,0,1,0
BRDA:18,1,0,2
BRDA:18,1,1,0
BRDA:29,2,0,0
BRDA:29,2,1,0
BRF:6
BRH:2
end_of_record
TN:
SF:src/Navigators/RootNavigator.tsx
FN:30,(anonymous_0)
FN:41,(anonymous_1)
FNF:2
FNH:0
FNDA:0,(anonymous_0)
FNDA:0,(anonymous_1)
DA:16,1
DA:17,1
DA:30,1
DA:31,0
DA:41,0
LF:5
LH:3
BRF:0
BRH:0
end_of_record
TN:
SF:src/Services/api.ts
FNF:0
FNH:0
DA:3,3
LF:1
LH:1
BRF:0
BRH:0
end_of_record
TN:
SF:src/Store/index.ts
FNF:0
FNH:0
DA:6,3
DA:8,3
DA:17,3
LF:3
LH:3
BRF:0
BRH:0
end_of_record
TN:
SF:src/Store/Actions/actionTypes.ts
FNF:0
FNH:0
DA:1,3
DA:2,3
DA:3,3
DA:5,3
DA:6,3
DA:7,3
DA:9,3
DA:10,3
LF:8
LH:8
BRF:0
BRH:0
end_of_record
TN:
SF:src/Store/Actions/moviesActions.ts
FN:3,getMovies
FN:9,getMovieDetail
FN:16,addToWishlist
FN:23,removeFromWishlist
FNF:4
FNH:1
FNDA:2,getMovies
FNDA:0,getMovieDetail
FNDA:0,addToWishlist
FNDA:0,removeFromWishlist
DA:4,2
DA:10,0
DA:17,0
DA:24,0
LF:4
LH:1
BRF:0
BRH:0
end_of_record
TN:
SF:src/Store/Reducers/moviesReducer.ts
FN:21,moviesReducer
FN:73,(anonymous_1)
FNF:2
FNH:1
FNDA:6,moviesReducer
FNDA:0,(anonymous_1)
DA:13,3
DA:22,6
DA:24,2
DA:29,1
DA:36,0
DA:42,0
DA:47,0
DA:54,0
DA:61,0
DA:62,0
DA:64,0
DA:66,0
DA:72,0
DA:73,0
DA:75,0
DA:81,3
LF:16
LH:5
BRDA:21,0,0,0
BRDA:22,1,0,2
BRDA:22,1,1,1
BRDA:22,1,2,0
BRDA:22,1,3,0
BRDA:22,1,4,0
BRDA:22,1,5,0
BRDA:22,1,6,0
BRDA:22,1,7,0
BRDA:22,1,8,3
BRDA:61,2,0,0
BRDA:61,2,1,0
BRDA:64,3,0,0
BRDA:64,3,1,0
BRF:14
BRH:3
end_of_record
TN:
SF:src/Store/Sagas/index.ts
FN:5,rootSaga
FNF:1
FNH:1
FNDA:3,rootSaga
DA:6,3
LF:1
LH:1
BRF:0
BRH:0
end_of_record
TN:
SF:src/Store/Sagas/movieDetailSaga.ts
FN:6,(anonymous_0)
FN:23,handleGetMovieDetail
FN:39,watchMovieDetail
FNF:3
FNH:1
FNDA:0,(anonymous_0)
FNDA:0,handleGetMovieDetail
FNDA:3,watchMovieDetail
DA:6,3
DA:7,0
DA:9,0
DA:10,0
DA:12,0
DA:17,0
DA:24,0
DA:25,0
DA:30,0
DA:32,0
DA:40,3
LF:11
LH:2
BRF:0
BRH:0
end_of_record
TN:
SF:src/Store/Sagas/moviesSaga.ts
FN:6,(anonymous_0)
FN:24,handleGetMovies
FN:38,watchMovies
FNF:3
FNH:3
FNDA:2,(anonymous_0)
FNDA:2,handleGetMovies
FNDA:3,watchMovies
DA:6,3
DA:7,2
DA:8,2
DA:9,2
DA:11,2
DA:17,1
DA:25,2
DA:26,2
DA:28,1
DA:30,0
DA:31,0
DA:39,3
LF:12
LH:10
BRF:0
BRH:0
end_of_record
TN:
SF:src/Theme/theme.tsx
FNF:0
FNH:0
DA:2,1
DA:31,1
LF:2
LH:2
BRF:0
BRH:0
end_of_record
TN:
SF:src/Types/Redux.ts
FN:5,(anonymous_0)
FNF:1
FNH:1
FNDA:35,(anonymous_0)
DA:5,35
DA:6,3
LF:2
LH:2
BRF:0
BRH:0
end_of_record
